# JRE version: OpenJDK Runtime Environment (Zulu 8.54.0.21-CA-win64) (8.0_292-b10) (build 1.8.0_292-b10)
# Java VM: OpenJDK 64-Bit Server VM (25.292-b10 mixed mode windows-amd64 compressed oops)
Heap:
 PSYoungGen      total 76288K, used 10302K [0x00000000f5580000, 0x00000000faa80000, 0x0000000100000000)
  eden space 65536K, 5% used [0x00000000f5580000,0x00000000f593b4e8,0x00000000f9580000)
  from space 10752K, 60% used [0x00000000fa000000,0x00000000fa654420,0x00000000faa80000)
  to   space 10752K, 0% used [0x00000000f9580000,0x00000000f9580000,0x00000000fa000000)
 ParOldGen       total 175104K, used 15973K [0x00000000e0000000, 0x00000000eab00000, 0x00000000f5580000)
  object space 175104K, 9% used [0x00000000e0000000,0x00000000e0f99518,0x00000000eab00000)
 Metaspace       used 44580K, capacity 46704K, committed 46976K, reserved 1089536K
  class space    used 6350K, capacity 6737K, committed 6784K, reserved 1048576K
GC Heap History (10 events):
Event: 14.477 GC heap before
{Heap before GC invocations=8 (full 1):
 PSYoungGen      total 76288K, used 31177K [0x00000000f5580000, 0x00000000faa80000, 0x0000000100000000)
  eden space 65536K, 31% used [0x00000000f5580000,0x00000000f69ba1b8,0x00000000f9580000)
  from space 10752K, 97% used [0x00000000fa000000,0x00000000faa38518,0x00000000faa80000)
  to   space 10752K, 0% used [0x00000000f9580000,0x00000000f9580000,0x00000000fa000000)
 ParOldGen       total 175104K, used 8781K [0x00000000e0000000, 0x00000000eab00000, 0x00000000f5580000)
  object space 175104K, 5% used [0x00000000e0000000,0x00000000e0893658,0x00000000eab00000)
 Metaspace       used 33868K, capacity 35294K, committed 35456K, reserved 1079296K
  class space    used 4822K, capacity 5134K, committed 5248K, reserved 1048576K
Event: 14.557 GC heap after
Heap after GC invocations=8 (full 1):
 PSYoungGen      total 76288K, used 7849K [0x00000000f5580000, 0x00000000faa80000, 0x0000000100000000)
  eden space 65536K, 0% used [0x00000000f5580000,0x00000000f5580000,0x00000000f9580000)
  from space 10752K, 73% used [0x00000000f9580000,0x00000000f9d2a5e8,0x00000000fa000000)
  to   space 10752K, 0% used [0x00000000fa000000,0x00000000fa000000,0x00000000faa80000)
 ParOldGen       total 175104K, used 8781K [0x00000000e0000000, 0x00000000eab00000, 0x00000000f5580000)
  object space 175104K, 5% used [0x00000000e0000000,0x00000000e0893658,0x00000000eab00000)
 Metaspace       used 33868K, capacity 35294K, committed 35456K, reserved 1079296K
  class space    used 4822K, capacity 5134K, committed 5248K, reserved 1048576K
}
Event: 14.557 GC heap before
{Heap before GC invocations=9 (full 2):
 PSYoungGen      total 76288K, used 7849K [0x00000000f5580000, 0x00000000faa80000, 0x0000000100000000)
  eden space 65536K, 0% used [0x00000000f5580000,0x00000000f5580000,0x00000000f9580000)
  from space 10752K, 73% used [0x00000000f9580000,0x00000000f9d2a5e8,0x00000000fa000000)
  to   space 10752K, 0% used [0x00000000fa000000,0x00000000fa000000,0x00000000faa80000)
 ParOldGen       total 175104K, used 8781K [0x00000000e0000000, 0x00000000eab00000, 0x00000000f5580000)
  object space 175104K, 5% used [0x00000000e0000000,0x00000000e0893658,0x00000000eab00000)
 Metaspace       used 33868K, capacity 35294K, committed 35456K, reserved 1079296K
  class space    used 4822K, capacity 5134K, committed 5248K, reserved 1048576K
Event: 14.773 GC heap after
Heap after GC invocations=9 (full 2):
 PSYoungGen      total 76288K, used 0K [0x00000000f5580000, 0x00000000faa80000, 0x0000000100000000)
  eden space 65536K, 0% used [0x00000000f5580000,0x00000000f5580000,0x00000000f9580000)
  from space 10752K, 0% used [0x00000000f9580000,0x00000000f9580000,0x00000000fa000000)
  to   space 10752K, 0% used [0x00000000fa000000,0x00000000fa000000,0x00000000faa80000)
 ParOldGen       total 175104K, used 14717K [0x00000000e0000000, 0x00000000eab00000, 0x00000000f5580000)
  object space 175104K, 8% used [0x00000000e0000000,0x00000000e0e5f7b8,0x00000000eab00000)
 Metaspace       used 33868K, capacity 35294K, committed 35456K, reserved 1079296K
  class space    used 4822K, capacity 5134K, committed 5248K, reserved 1048576K
}
Event: 15.954 GC heap before
{Heap before GC invocations=10 (full 2):
 PSYoungGen      total 76288K, used 65536K [0x00000000f5580000, 0x00000000faa80000, 0x0000000100000000)
  eden space 65536K, 100% used [0x00000000f5580000,0x00000000f9580000,0x00000000f9580000)
  from space 10752K, 0% used [0x00000000f9580000,0x00000000f9580000,0x00000000fa000000)
  to   space 10752K, 0% used [0x00000000fa000000,0x00000000fa000000,0x00000000faa80000)
 ParOldGen       total 175104K, used 14717K [0x00000000e0000000, 0x00000000eab00000, 0x00000000f5580000)
  object space 175104K, 8% used [0x00000000e0000000,0x00000000e0e5f7b8,0x00000000eab00000)
 Metaspace       used 37273K, capacity 39056K, committed 39168K, reserved 1083392K
  class space    used 5234K, capacity 5566K, committed 5632K, reserved 1048576K
Event: 15.963 GC heap after
Heap after GC invocations=10 (full 2):
 PSYoungGen      total 76288K, used 3496K [0x00000000f5580000, 0x00000000faa80000, 0x0000000100000000)
  eden space 65536K, 0% used [0x00000000f5580000,0x00000000f5580000,0x00000000f9580000)
  from space 10752K, 32% used [0x00000000fa000000,0x00000000fa36a1d8,0x00000000faa80000)
  to   space 10752K, 0% used [0x00000000f9580000,0x00000000f9580000,0x00000000fa000000)
 ParOldGen       total 175104K, used 14725K [0x00000000e0000000, 0x00000000eab00000, 0x00000000f5580000)
  object space 175104K, 8% used [0x00000000e0000000,0x00000000e0e617b8,0x00000000eab00000)
 Metaspace       used 37273K, capacity 39056K, committed 39168K, reserved 1083392K
  class space    used 5234K, capacity 5566K, committed 5632K, reserved 1048576K
}
Event: 17.298 GC heap before
{Heap before GC invocations=11 (full 2):
 PSYoungGen      total 76288K, used 69032K [0x00000000f5580000, 0x00000000faa80000, 0x0000000100000000)
  eden space 65536K, 100% used [0x00000000f5580000,0x00000000f9580000,0x00000000f9580000)
  from space 10752K, 32% used [0x00000000fa000000,0x00000000fa36a1d8,0x00000000faa80000)
  to   space 10752K, 0% used [0x00000000f9580000,0x00000000f9580000,0x00000000fa000000)
 ParOldGen       total 175104K, used 14725K [0x00000000e0000000, 0x00000000eab00000, 0x00000000f5580000)
  object space 175104K, 8% used [0x00000000e0000000,0x00000000e0e617b8,0x00000000eab00000)
 Metaspace       used 41605K, capacity 43742K, committed 43776K, reserved 1087488K
  class space    used 5960K, capacity 6376K, committed 6400K, reserved 1048576K
Event: 17.319 GC heap after
Heap after GC invocations=11 (full 2):
 PSYoungGen      total 76288K, used 5930K [0x00000000f5580000, 0x00000000faa80000, 0x0000000100000000)
  eden space 65536K, 0% used [0x00000000f5580000,0x00000000f5580000,0x00000000f9580000)
  from space 10752K, 55% used [0x00000000f9580000,0x00000000f9b4aa50,0x00000000fa000000)
  to   space 10752K, 0% used [0x00000000fa000000,0x00000000fa000000,0x00000000faa80000)
 ParOldGen       total 175104K, used 14725K [0x00000000e0000000, 0x00000000eab00000, 0x00000000f5580000)
  object space 175104K, 8% used [0x00000000e0000000,0x00000000e0e617b8,0x00000000eab00000)
 Metaspace       used 41605K, capacity 43742K, committed 43776K, reserved 1087488K
  class space    used 5960K, capacity 6376K, committed 6400K, reserved 1048576K
}
Event: 18.298 GC heap before
{Heap before GC invocations=12 (full 2):
 PSYoungGen      total 76288K, used 71466K [0x00000000f5580000, 0x00000000faa80000, 0x0000000100000000)
  eden space 65536K, 100% used [0x00000000f5580000,0x00000000f9580000,0x00000000f9580000)
  from space 10752K, 55% used [0x00000000f9580000,0x00000000f9b4aa50,0x00000000fa000000)
  to   space 10752K, 0% used [0x00000000fa000000,0x00000000fa000000,0x00000000faa80000)
 ParOldGen       total 175104K, used 14725K [0x00000000e0000000, 0x00000000eab00000, 0x00000000f5580000)
  object space 175104K, 8% used [0x00000000e0000000,0x00000000e0e617b8,0x00000000eab00000)
 Metaspace       used 44416K, capacity 46576K, committed 46720K, reserved 1089536K
  class space    used 6332K, capacity 6737K, committed 6784K, reserved 1048576K
Event: 18.314 GC heap after
Heap after GC invocations=12 (full 2):
 PSYoungGen      total 76288K, used 6481K [0x00000000f5580000, 0x00000000faa80000, 0x0000000100000000)
  eden space 65536K, 0% used [0x00000000f5580000,0x00000000f5580000,0x00000000f9580000)
  from space 10752K, 60% used [0x00000000fa000000,0x00000000fa654420,0x00000000faa80000)
  to   space 10752K, 0% used [0x00000000f9580000,0x00000000f9580000,0x00000000fa000000)
 ParOldGen       total 175104K, used 15973K [0x00000000e0000000, 0x00000000eab00000, 0x00000000f5580000)
  object space 175104K, 9% used [0x00000000e0000000,0x00000000e0f99518,0x00000000eab00000)
 Metaspace       used 44416K, capacity 46576K, committed 46720K, reserved 1089536K
  class space    used 6332K, capacity 6737K, committed 6784K, reserved 1048576K
}

