# JRE version: OpenJDK Runtime Environment (Zulu 8.54.0.21-CA-win64) (8.0_292-b10) (build 1.8.0_292-b10)
# Java VM: OpenJDK 64-Bit Server VM (25.292-b10 mixed mode windows-amd64 compressed oops)
Heap:
 PSYoungGen      total 111616K, used 30248K [0x00000000f5580000, 0x00000000fd180000, 0x0000000100000000)
  eden space 98816K, 30% used [0x00000000f5580000,0x00000000f730a050,0x00000000fb600000)
  from space 12800K, 0% used [0x00000000fb600000,0x00000000fb600000,0x00000000fc280000)
  to   space 11776K, 0% used [0x00000000fc280000,0x00000000fc280000,0x00000000fce00000)
 ParOldGen       total 175104K, used 14584K [0x00000000e0000000, 0x00000000eab00000, 0x00000000f5580000)
  object space 175104K, 8% used [0x00000000e0000000,0x00000000e0e3e110,0x00000000eab00000)
 Metaspace       used 36269K, capacity 37876K, committed 37888K, reserved 1081344K
  class space    used 5068K, capacity 5364K, committed 5376K, reserved 1048576K
GC Heap History (10 events):
Event: 8.505 GC heap before
{Heap before GC invocations=5 (full 1):
 PSYoungGen      total 76288K, used 8940K [0x00000000f5580000, 0x00000000faa80000, 0x0000000100000000)
  eden space 65536K, 0% used [0x00000000f5580000,0x00000000f5580000,0x00000000f9580000)
  from space 10752K, 83% used [0x00000000fa000000,0x00000000fa8bb130,0x00000000faa80000)
  to   space 10752K, 0% used [0x00000000f9580000,0x00000000f9580000,0x00000000fa000000)
 ParOldGen       total 175104K, used 32K [0x00000000e0000000, 0x00000000eab00000, 0x00000000f5580000)
  object space 175104K, 0% used [0x00000000e0000000,0x00000000e0008000,0x00000000eab00000)
 Metaspace       used 20471K, capacity 21276K, committed 21296K, reserved 1067008K
  class space    used 2996K, capacity 3186K, committed 3200K, reserved 1048576K
Event: 8.593 GC heap after
Heap after GC invocations=5 (full 1):
 PSYoungGen      total 76288K, used 0K [0x00000000f5580000, 0x00000000faa80000, 0x0000000100000000)
  eden space 65536K, 0% used [0x00000000f5580000,0x00000000f5580000,0x00000000f9580000)
  from space 10752K, 0% used [0x00000000fa000000,0x00000000fa000000,0x00000000faa80000)
  to   space 10752K, 0% used [0x00000000f9580000,0x00000000f9580000,0x00000000fa000000)
 ParOldGen       total 175104K, used 8717K [0x00000000e0000000, 0x00000000eab00000, 0x00000000f5580000)
  object space 175104K, 4% used [0x00000000e0000000,0x00000000e08834e8,0x00000000eab00000)
 Metaspace       used 20471K, capacity 21276K, committed 21296K, reserved 1067008K
  class space    used 2996K, capacity 3186K, committed 3200K, reserved 1048576K
}
Event: 10.062 GC heap before
{Heap before GC invocations=6 (full 1):
 PSYoungGen      total 76288K, used 65536K [0x00000000f5580000, 0x00000000faa80000, 0x0000000100000000)
  eden space 65536K, 100% used [0x00000000f5580000,0x00000000f9580000,0x00000000f9580000)
  from space 10752K, 0% used [0x00000000fa000000,0x00000000fa000000,0x00000000faa80000)
  to   space 10752K, 0% used [0x00000000f9580000,0x00000000f9580000,0x00000000fa000000)
 ParOldGen       total 175104K, used 8717K [0x00000000e0000000, 0x00000000eab00000, 0x00000000f5580000)
  object space 175104K, 4% used [0x00000000e0000000,0x00000000e08834e8,0x00000000eab00000)
 Metaspace       used 24318K, capacity 25310K, committed 25472K, reserved 1071104K
  class space    used 3639K, capacity 3871K, committed 3968K, reserved 1048576K
Event: 10.070 GC heap after
Heap after GC invocations=6 (full 1):
 PSYoungGen      total 76288K, used 4836K [0x00000000f5580000, 0x00000000fce00000, 0x0000000100000000)
  eden space 65536K, 0% used [0x00000000f5580000,0x00000000f5580000,0x00000000f9580000)
  from space 10752K, 44% used [0x00000000f9580000,0x00000000f9a39118,0x00000000fa000000)
  to   space 11776K, 0% used [0x00000000fc280000,0x00000000fc280000,0x00000000fce00000)
 ParOldGen       total 175104K, used 8717K [0x00000000e0000000, 0x00000000eab00000, 0x00000000f5580000)
  object space 175104K, 4% used [0x00000000e0000000,0x00000000e08834e8,0x00000000eab00000)
 Metaspace       used 24318K, capacity 25310K, committed 25472K, reserved 1071104K
  class space    used 3639K, capacity 3871K, committed 3968K, reserved 1048576K
}
Event: 13.093 GC heap before
{Heap before GC invocations=7 (full 1):
 PSYoungGen      total 76288K, used 70372K [0x00000000f5580000, 0x00000000fce00000, 0x0000000100000000)
  eden space 65536K, 100% used [0x00000000f5580000,0x00000000f9580000,0x00000000f9580000)
  from space 10752K, 44% used [0x00000000f9580000,0x00000000f9a39118,0x00000000fa000000)
  to   space 11776K, 0% used [0x00000000fc280000,0x00000000fc280000,0x00000000fce00000)
 ParOldGen       total 175104K, used 8717K [0x00000000e0000000, 0x00000000eab00000, 0x00000000f5580000)
  object space 175104K, 4% used [0x00000000e0000000,0x00000000e08834e8,0x00000000eab00000)
 Metaspace       used 33067K, capacity 34454K, committed 34688K, reserved 1079296K
  class space    used 4645K, capacity 4915K, committed 4992K, reserved 1048576K
Event: 13.139 GC heap after
Heap after GC invocations=7 (full 1):
 PSYoungGen      total 110592K, used 10516K [0x00000000f5580000, 0x00000000fd180000, 0x0000000100000000)
  eden space 98816K, 0% used [0x00000000f5580000,0x00000000f5580000,0x00000000fb600000)
  from space 11776K, 89% used [0x00000000fc280000,0x00000000fccc5008,0x00000000fce00000)
  to   space 12800K, 0% used [0x00000000fb600000,0x00000000fb600000,0x00000000fc280000)
 ParOldGen       total 175104K, used 8725K [0x00000000e0000000, 0x00000000eab00000, 0x00000000f5580000)
  object space 175104K, 4% used [0x00000000e0000000,0x00000000e08854e8,0x00000000eab00000)
 Metaspace       used 33067K, capacity 34454K, committed 34688K, reserved 1079296K
  class space    used 4645K, capacity 4915K, committed 4992K, reserved 1048576K
}
Event: 13.816 GC heap before
{Heap before GC invocations=8 (full 1):
 PSYoungGen      total 110592K, used 29480K [0x00000000f5580000, 0x00000000fd180000, 0x0000000100000000)
  eden space 98816K, 19% used [0x00000000f5580000,0x00000000f6805258,0x00000000fb600000)
  from space 11776K, 89% used [0x00000000fc280000,0x00000000fccc5008,0x00000000fce00000)
  to   space 12800K, 0% used [0x00000000fb600000,0x00000000fb600000,0x00000000fc280000)
 ParOldGen       total 175104K, used 8725K [0x00000000e0000000, 0x00000000eab00000, 0x00000000f5580000)
  object space 175104K, 4% used [0x00000000e0000000,0x00000000e08854e8,0x00000000eab00000)
 Metaspace       used 34002K, capacity 35426K, committed 35496K, reserved 1079296K
  class space    used 4807K, capacity 5083K, committed 5120K, reserved 1048576K
Event: 13.840 GC heap after
Heap after GC invocations=8 (full 1):
 PSYoungGen      total 111616K, used 7721K [0x00000000f5580000, 0x00000000fd180000, 0x0000000100000000)
  eden space 98816K, 0% used [0x00000000f5580000,0x00000000f5580000,0x00000000fb600000)
  from space 12800K, 60% used [0x00000000fb600000,0x00000000fbd8a4c0,0x00000000fc280000)
  to   space 11776K, 0% used [0x00000000fc280000,0x00000000fc280000,0x00000000fce00000)
 ParOldGen       total 175104K, used 8725K [0x00000000e0000000, 0x00000000eab00000, 0x00000000f5580000)
  object space 175104K, 4% used [0x00000000e0000000,0x00000000e08854e8,0x00000000eab00000)
 Metaspace       used 34002K, capacity 35426K, committed 35496K, reserved 1079296K
  class space    used 4807K, capacity 5083K, committed 5120K, reserved 1048576K
}
Event: 13.840 GC heap before
{Heap before GC invocations=9 (full 2):
 PSYoungGen      total 111616K, used 7721K [0x00000000f5580000, 0x00000000fd180000, 0x0000000100000000)
  eden space 98816K, 0% used [0x00000000f5580000,0x00000000f5580000,0x00000000fb600000)
  from space 12800K, 60% used [0x00000000fb600000,0x00000000fbd8a4c0,0x00000000fc280000)
  to   space 11776K, 0% used [0x00000000fc280000,0x00000000fc280000,0x00000000fce00000)
 ParOldGen       total 175104K, used 8725K [0x00000000e0000000, 0x00000000eab00000, 0x00000000f5580000)
  object space 175104K, 4% used [0x00000000e0000000,0x00000000e08854e8,0x00000000eab00000)
 Metaspace       used 34002K, capacity 35426K, committed 35496K, reserved 1079296K
  class space    used 4807K, capacity 5083K, committed 5120K, reserved 1048576K
Event: 13.955 GC heap after
Heap after GC invocations=9 (full 2):
 PSYoungGen      total 111616K, used 0K [0x00000000f5580000, 0x00000000fd180000, 0x0000000100000000)
  eden space 98816K, 0% used [0x00000000f5580000,0x00000000f5580000,0x00000000fb600000)
  from space 12800K, 0% used [0x00000000fb600000,0x00000000fb600000,0x00000000fc280000)
  to   space 11776K, 0% used [0x00000000fc280000,0x00000000fc280000,0x00000000fce00000)
 ParOldGen       total 175104K, used 14584K [0x00000000e0000000, 0x00000000eab00000, 0x00000000f5580000)
  object space 175104K, 8% used [0x00000000e0000000,0x00000000e0e3e110,0x00000000eab00000)
 Metaspace       used 34002K, capacity 35426K, committed 35496K, reserved 1079296K
  class space    used 4807K, capacity 5083K, committed 5120K, reserved 1048576K
}

